<?xml version="1.0" encoding="UTF-8"?>
<TestRun id="a04da203-c6f0-4ffb-b1c3-6139b12d8b17" name="Bohdan_Donchenko@EPUAKYIW2717 2017-12-07T16:13:57.747Z" runUser="Bohdan_Donchenko" xmlns="http://microsoft.com/schemas/VisualStudio/TeamTest/2010">
  <TestSettings name="Jest test run" id="63189939-c437-41e5-a598-d574334243f0"/>
  <Times creation="2017-12-07T16:13:57.747Z" queuing="2017-12-07T16:13:57.747Z" start="2017-12-07T16:13:57.747Z"/>
  <ResultSummary outcome="Passed">
    <Counters total="1" executed="1" passed="1" failed="0" error="0"/>
  </ResultSummary>
  <TestDefinitions>
    <UnitTest name="test / test" id="7c15740a-a95d-43b5-91a3-b56b68374faf">
      <Execution id="41b365f7-472b-4004-828d-85566c9adf1a"/>
      <TestMethod codeBase="Jest_test / test" name="test / test" className="test"/>
    </UnitTest>
  </TestDefinitions>
  <TestLists>
    <TestList name="Results Not in a List" id="8c84fa94-04c1-424b-9868-57a2d4851a1d"/>
    <TestList name="All Loaded Results" id="19431567-8539-422a-85d7-44ee4e166bda"/>
  </TestLists>
  <TestEntries>
    <TestEntry testId="7c15740a-a95d-43b5-91a3-b56b68374faf" executionId="41b365f7-472b-4004-828d-85566c9adf1a" testListId="8c84fa94-04c1-424b-9868-57a2d4851a1d"/>
  </TestEntries>
  <Results>
    <UnitTestResult testId="7c15740a-a95d-43b5-91a3-b56b68374faf" executionId="41b365f7-472b-4004-828d-85566c9adf1a" testName="test / test" computerName="EPUAKYIW2717" duration="00:00:01.557" startTime="2017-12-07T16:13:58.546Z" endTime="2017-12-07T16:14:00.103Z" testType="13cdc9d9-ddb5-4fa4-a97d-d965ccfc6d4b" outcome="Passed" testListId="8c84fa94-04c1-424b-9868-57a2d4851a1d"/>
  </Results>
</TestRun>